[debug] [2023-10-16T18:45:44.308Z] ----------------------------------------------------------------------
[debug] [2023-10-16T18:45:44.312Z] Command:       C:\Program Files\nodejs\node.exe C:\Users\teeto\AppData\Roaming\npm\node_modules\firebase-tools\lib\bin\firebase.js init
[debug] [2023-10-16T18:45:44.313Z] CLI Version:   12.7.0
[debug] [2023-10-16T18:45:44.314Z] Platform:      win32
[debug] [2023-10-16T18:45:44.315Z] Node Version:  v18.18.1
[debug] [2023-10-16T18:45:44.316Z] Time:          Mon Oct 16 2023 14:45:44 GMT-0400 (Eastern Daylight Saving Time)
[debug] [2023-10-16T18:45:44.316Z] ----------------------------------------------------------------------
[debug] 
[debug] [2023-10-16T18:45:44.455Z] > command requires scopes: ["email","openid","https://www.googleapis.com/auth/cloudplatformprojects.readonly","https://www.googleapis.com/auth/firebase","https://www.googleapis.com/auth/cloud-platform"]
[debug] [2023-10-16T18:45:44.456Z] > authorizing via signed-in user (hongyau369@gmail.com)
[info] 
     ######## #### ########  ######## ########     ###     ######  ########
     ##        ##  ##     ## ##       ##     ##  ##   ##  ##       ##
     ######    ##  ########  ######   ########  #########  ######  ######
     ##        ##  ##    ##  ##       ##     ## ##     ##       ## ##
     ##       #### ##     ## ######## ########  ##     ##  ######  ########

You're about to initialize a Firebase project in this directory:

  C:\Users\teeto\Documents\Projects\Portfolio\Portfolio

Before we get started, keep in mind:

  * You are initializing within an existing Firebase project directory

[info] 
=== Project Setup
[info] 
[info] First, let's associate this project directory with a Firebase project.
[info] You can create multiple project aliases by running firebase use --add, 
[info] but for now we'll just set up a default project.
[info] 
[debug] [2023-10-16T18:45:51.997Z] Using project from CLI flag: tonyloportfolio
[debug] [2023-10-16T18:45:52.004Z] >>> [apiv2][query] GET https://firebase.googleapis.com/v1beta1/projects/tonyloportfolio [none]
[debug] [2023-10-16T18:45:52.466Z] <<< [apiv2][status] GET https://firebase.googleapis.com/v1beta1/projects/tonyloportfolio 200
[debug] [2023-10-16T18:45:52.466Z] <<< [apiv2][body] GET https://firebase.googleapis.com/v1beta1/projects/tonyloportfolio {"projectId":"tonyloportfolio","projectNumber":"243903072797","displayName":"tonyloportfolio","name":"projects/tonyloportfolio","resources":{"hostingSite":"tonyloportfolio"},"state":"ACTIVE","etag":"1_ebb294f8-73a4-4232-b4a3-6df39fb8f13c"}
[info] i  Using project tonyloportfolio (tonyloportfolio) 
[info] 
=== Hosting Setup
[info] 
[info] Your public directory is the folder (relative to your project directory) that
[info] will contain Hosting assets to be uploaded with firebase deploy. If you
[info] have a build process for your assets, use your build's output directory.
[info] 
[debug] [2023-10-16T18:46:02.148Z] >>> [apiv2][query] GET https://www.gstatic.com/firebasejs/releases.json [none]
[debug] [2023-10-16T18:46:02.285Z] <<< [apiv2][status] GET https://www.gstatic.com/firebasejs/releases.json 200
[debug] [2023-10-16T18:46:02.285Z] <<< [apiv2][body] GET https://www.gstatic.com/firebasejs/releases.json {"current":{"version":"10.5.0","browserURL":"https://www.gstatic.com/firebasejs/10.5.0/firebase.js","packageURL":"https://www.gstatic.com/firebasejs/10.5.0/firebase.tgz"},"live":{"version":"10.5","browserURL":"https://www.gstatic.com/firebasejs/live/10.5/firebase.js","packageURL":"https://www.gstatic.com/firebasejs/live/10.5/firebase.tgz"},"components":{"analytics":"https://www.gstatic.com/firebasejs/10.5.0/firebase-analytics.js","app":"https://www.gstatic.com/firebasejs/10.5.0/firebase-app.js","app-check":"https://www.gstatic.com/firebasejs/10.5.0/firebase-app-check.js","auth":"https://www.gstatic.com/firebasejs/10.5.0/firebase-auth.js","auth/cordova":"https://www.gstatic.com/firebasejs/10.5.0/firebase-auth/cordova.js","functions":"https://www.gstatic.com/firebasejs/10.5.0/firebase-functions.js","firestore":"https://www.gstatic.com/firebasejs/10.5.0/firebase-firestore.js","firestore/lite":"https://www.gstatic.com/firebasejs/10.5.0/firebase-firestore/lite.js","installations":"https://www.gstatic.com/firebasejs/10.5.0/firebase-installations.js","storage":"https://www.gstatic.com/firebasejs/10.5.0/firebase-storage.js","performance":"https://www.gstatic.com/firebasejs/10.5.0/firebase-performance.js","remote-config":"https://www.gstatic.com/firebasejs/10.5.0/firebase-remote-config.js","messaging":"https://www.gstatic.com/firebasejs/10.5.0/firebase-messaging.js","messaging/sw":"https://www.gstatic.com/firebasejs/10.5.0/firebase-messaging/sw.js","database":"https://www.gstatic.com/firebasejs/10.5.0/firebase-database.js","firestore.memory":"https://www.gstatic.com/firebasejs/10.5.0/firebase-firestore.memory.js"}}
[info] i  Skipping write of public/index.html 
[info] 
[info] i  Detected a .git folder at C:\Users\teeto\Documents\Projects\Portfolio\Portfolio 
[info] i  Authorizing with GitHub to upload your service account to a GitHub repository's secrets store. 
[info] 
[info] Visit this URL on this device to log in:
[info] https://github.com/login/oauth/authorize?client_id=89cf50f02ac6aaed3484&state=441840171&redirect_uri=http%3A%2F%2Flocalhost%3A9005&scope=read%3Auser%20repo%20public_repo
[info] 
[info] Waiting for authentication...
[debug] [2023-10-16T18:46:09.472Z] >>> [apiv2][query] POST https://github.com/login/oauth/access_token [none]
[debug] [2023-10-16T18:46:09.472Z] >>> [apiv2][body] POST https://github.com/login/oauth/access_token [stream]
[debug] [2023-10-16T18:46:09.704Z] <<< [apiv2][status] POST https://github.com/login/oauth/access_token 200
[debug] [2023-10-16T18:46:09.705Z] <<< [apiv2][body] POST https://github.com/login/oauth/access_token {"access_token":"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","token_type":"bearer","scope":"read:user,repo"}
[debug] [2023-10-16T18:46:09.746Z] >>> [apiv2][query] GET https://api.github.com/user [none]
[debug] [2023-10-16T18:46:10.132Z] <<< [apiv2][status] GET https://api.github.com/user 200
[debug] [2023-10-16T18:46:10.133Z] <<< [apiv2][body] GET https://api.github.com/user {"login":"tonyhylo","id":117031220,"node_id":"U_kgDOBvnBNA","avatar_url":"https://avatars.githubusercontent.com/u/117031220?v=4","gravatar_id":"","url":"https://api.github.com/users/tonyhylo","html_url":"https://github.com/tonyhylo","followers_url":"https://api.github.com/users/tonyhylo/followers","following_url":"https://api.github.com/users/tonyhylo/following{/other_user}","gists_url":"https://api.github.com/users/tonyhylo/gists{/gist_id}","starred_url":"https://api.github.com/users/tonyhylo/starred{/owner}{/repo}","subscriptions_url":"https://api.github.com/users/tonyhylo/subscriptions","organizations_url":"https://api.github.com/users/tonyhylo/orgs","repos_url":"https://api.github.com/users/tonyhylo/repos","events_url":"https://api.github.com/users/tonyhylo/events{/privacy}","received_events_url":"https://api.github.com/users/tonyhylo/received_events","type":"User","site_admin":false,"name":null,"company":null,"blog":"","location":null,"email":null,"hireable":null,"bio":null,"twitter_username":null,"public_repos":7,"public_gists":0,"followers":0,"following":0,"created_at":"2022-10-30T16:22:48Z","updated_at":"2023-10-11T19:58:58Z","private_gists":0,"total_private_repos":2,"owned_private_repos":2,"disk_usage":7517,"collaborators":0,"two_factor_authentication":false,"plan":{"name":"pro","space":976562499,"collaborators":0,"private_repos":9999}}
[info] 
[info] +  Success! Logged into GitHub as tonyhylo 
[info] 
